0 info it worked if it ends with ok
1 verbose cli [ '/usr/local/bin/node',
1 verbose cli   '/usr/local/bin/npm',
1 verbose cli   'install',
1 verbose cli   '-g',
1 verbose cli   'ios-sim' ]
2 info using npm@2.14.12
3 info using node@v4.3.1
4 verbose install initial load of /usr/local/lib/package.json
5 verbose readDependencies loading dependencies from /usr/local/lib/package.json
6 silly cache add args [ 'ios-sim', null ]
7 verbose cache add spec ios-sim
8 silly cache add parsed spec Result {
8 silly cache add   raw: 'ios-sim',
8 silly cache add   scope: null,
8 silly cache add   name: 'ios-sim',
8 silly cache add   rawSpec: '',
8 silly cache add   spec: 'latest',
8 silly cache add   type: 'tag' }
9 silly addNamed ios-sim@latest
10 verbose addNamed "latest" is being treated as a dist-tag for ios-sim
11 info addNameTag [ 'ios-sim', 'latest' ]
12 silly mapToRegistry name ios-sim
13 silly mapToRegistry using default registry
14 silly mapToRegistry registry https://registry.npmjs.org/
15 silly mapToRegistry uri https://registry.npmjs.org/ios-sim
16 verbose addNameTag registry:https://registry.npmjs.org/ios-sim not in flight; fetching
17 verbose request uri https://registry.npmjs.org/ios-sim
18 verbose request no auth needed
19 info attempt registry request try #1 at 2:09:51 PM
20 verbose request id 8efcd39e5c161c44
21 http request GET https://registry.npmjs.org/ios-sim
22 http 200 https://registry.npmjs.org/ios-sim
23 verbose headers { server: 'CouchDB/1.5.0 (Erlang OTP/R16B03)',
23 verbose headers   etag: '"7ZTP8VD0J74VLPPFIQ85YXZ21"',
23 verbose headers   'content-type': 'application/json',
23 verbose headers   'cache-control': 'max-age=300',
23 verbose headers   'content-length': '26575',
23 verbose headers   'accept-ranges': 'bytes',
23 verbose headers   date: 'Mon, 14 Mar 2016 18:09:51 GMT',
23 verbose headers   via: '1.1 varnish',
23 verbose headers   age: '0',
23 verbose headers   connection: 'keep-alive',
23 verbose headers   'x-served-by': 'cache-iad2140-IAD',
23 verbose headers   'x-cache': 'HIT',
23 verbose headers   'x-cache-hits': '1',
23 verbose headers   'x-timer': 'S1457978991.474703,VS0,VE100',
23 verbose headers   vary: 'Accept' }
24 silly get cb [ 200,
24 silly get   { server: 'CouchDB/1.5.0 (Erlang OTP/R16B03)',
24 silly get     etag: '"7ZTP8VD0J74VLPPFIQ85YXZ21"',
24 silly get     'content-type': 'application/json',
24 silly get     'cache-control': 'max-age=300',
24 silly get     'content-length': '26575',
24 silly get     'accept-ranges': 'bytes',
24 silly get     date: 'Mon, 14 Mar 2016 18:09:51 GMT',
24 silly get     via: '1.1 varnish',
24 silly get     age: '0',
24 silly get     connection: 'keep-alive',
24 silly get     'x-served-by': 'cache-iad2140-IAD',
24 silly get     'x-cache': 'HIT',
24 silly get     'x-cache-hits': '1',
24 silly get     'x-timer': 'S1457978991.474703,VS0,VE100',
24 silly get     vary: 'Accept' } ]
25 verbose get saving ios-sim to /Users/zhaokunxue/.npm/registry.npmjs.org/ios-sim/.cache.json
26 silly addNameTag next cb for ios-sim with tag latest
27 silly addNamed ios-sim@5.0.6
28 verbose addNamed "5.0.6" is a plain semver version for ios-sim
29 silly mapToRegistry name ios-sim
30 silly mapToRegistry using default registry
31 silly mapToRegistry registry https://registry.npmjs.org/
32 silly mapToRegistry uri https://registry.npmjs.org/ios-sim
33 verbose addRemoteTarball https://registry.npmjs.org/ios-sim/-/ios-sim-5.0.6.tgz not in flight; adding
34 verbose addRemoteTarball [ 'https://registry.npmjs.org/ios-sim/-/ios-sim-5.0.6.tgz',
34 verbose addRemoteTarball   '15c8e34aa9ed79df9edea26260efbba803fae7c6' ]
35 info retry fetch attempt 1 at 2:09:51 PM
36 info attempt registry request try #1 at 2:09:51 PM
37 http fetch GET https://registry.npmjs.org/ios-sim/-/ios-sim-5.0.6.tgz
38 http fetch 200 https://registry.npmjs.org/ios-sim/-/ios-sim-5.0.6.tgz
39 silly fetchAndShaCheck shasum 15c8e34aa9ed79df9edea26260efbba803fae7c6
40 verbose addTmpTarball /var/folders/gn/yvjt9dxj4m9ftttm393q28t80000gn/T/npm-7295-103ed887/registry.npmjs.org/ios-sim/-/ios-sim-5.0.6.tgz not in flight; adding
41 verbose addTmpTarball already have metadata; skipping unpack for ios-sim@5.0.6
42 silly cache afterAdd ios-sim@5.0.6
43 verbose afterAdd /Users/zhaokunxue/.npm/ios-sim/5.0.6/package/package.json not in flight; writing
44 verbose afterAdd /Users/zhaokunxue/.npm/ios-sim/5.0.6/package/package.json written
45 silly install resolved [ { name: 'ios-sim',
45 silly install resolved     version: '5.0.6',
45 silly install resolved     preferGlobal: 'true',
45 silly install resolved     description: 'launch iOS apps into the iOS Simulator from the command line (Xcode 6.0+)',
45 silly install resolved     main: 'ios-sim.js',
45 silly install resolved     repository:
45 silly install resolved      { type: 'git',
45 silly install resolved        url: 'git+https://github.com/phonegap/ios-sim.git' },
45 silly install resolved     engines: { node: '>=0.10.0' },
45 silly install resolved     keywords: [ 'ios-sim', 'iOS Simulator' ],
45 silly install resolved     bin: { 'ios-sim': './bin/ios-sim' },
45 silly install resolved     bugs: { url: 'https://github.com/phonegap/ios-sim/issues' },
45 silly install resolved     author: { name: 'Shazron Abdullah' },
45 silly install resolved     license: 'MIT',
45 silly install resolved     dependencies: { simctl: '^0.0.8', nopt: '1.0.9', 'bplist-parser': '^0.0.6' },
45 silly install resolved     gitHead: '5ae111d494f547c301b00e068cbd8aef46cf3988',
45 silly install resolved     homepage: 'https://github.com/phonegap/ios-sim#readme',
45 silly install resolved     _id: 'ios-sim@5.0.6',
45 silly install resolved     scripts: {},
45 silly install resolved     _shasum: '15c8e34aa9ed79df9edea26260efbba803fae7c6',
45 silly install resolved     _from: 'ios-sim@latest',
45 silly install resolved     _npmVersion: '2.11.3',
45 silly install resolved     _nodeVersion: '0.12.7',
45 silly install resolved     _npmUser: { name: 'shazron', email: 'shazron@gmail.com' },
45 silly install resolved     dist:
45 silly install resolved      { shasum: '15c8e34aa9ed79df9edea26260efbba803fae7c6',
45 silly install resolved        tarball: 'http://registry.npmjs.org/ios-sim/-/ios-sim-5.0.6.tgz' },
45 silly install resolved     maintainers: [ [Object], [Object], [Object], [Object] ],
45 silly install resolved     directories: {},
45 silly install resolved     _resolved: 'https://registry.npmjs.org/ios-sim/-/ios-sim-5.0.6.tgz' } ]
46 info install ios-sim@5.0.6 into /usr/local/lib
47 info installOne ios-sim@5.0.6
48 verbose installOne of ios-sim to /usr/local/lib not in flight; installing
49 verbose lock using /Users/zhaokunxue/.npm/_locks/ios-sim-3bb56db538048d2f.lock for /usr/local/lib/node_modules/ios-sim
50 silly install write writing ios-sim 5.0.6 to /usr/local/lib/node_modules/ios-sim
51 verbose unbuild lib/node_modules/ios-sim
52 silly gentlyRm /usr/local/lib/node_modules/ios-sim is being purged from base /usr/local
53 verbose gentlyRm don't care about contents; nuking /usr/local/lib/node_modules/ios-sim
54 verbose tar unpack /Users/zhaokunxue/.npm/ios-sim/5.0.6/package.tgz
55 verbose tar unpacking to /usr/local/lib/node_modules/ios-sim
56 silly gentlyRm /usr/local/lib/node_modules/ios-sim is being purged
57 verbose gentlyRm don't care about contents; nuking /usr/local/lib/node_modules/ios-sim
58 silly gunzTarPerm modes [ '755', '644' ]
59 error tar.unpack untar error /Users/zhaokunxue/.npm/ios-sim/5.0.6/package.tgz
60 verbose unlock done using /Users/zhaokunxue/.npm/_locks/ios-sim-3bb56db538048d2f.lock for /usr/local/lib/node_modules/ios-sim
61 verbose fstream_path /usr/local/lib/node_modules/ios-sim
62 verbose fstream_type Directory
63 verbose fstream_class DirWriter
64 verbose stack Error: EACCES: permission denied, mkdir '/usr/local/lib/node_modules/ios-sim'
64 verbose stack     at Error (native)
65 verbose fstream_stack /usr/local/lib/node_modules/npm/node_modules/fstream/lib/dir-writer.js:35:25
65 verbose fstream_stack /usr/local/lib/node_modules/npm/node_modules/mkdirp/index.js:47:53
65 verbose fstream_stack FSReqWrap.oncomplete (fs.js:82:15)
66 verbose cwd /Users/zhaokunxue/Documents/Zhaokun Xue/Tufts Courses/comp 171/assign7/tuftsSIS
67 error Darwin 14.5.0
68 error argv "/usr/local/bin/node" "/usr/local/bin/npm" "install" "-g" "ios-sim"
69 error node v4.3.1
70 error npm  v2.14.12
71 error path /usr/local/lib/node_modules/ios-sim
72 error code EACCES
73 error errno -13
74 error syscall mkdir
75 error Error: EACCES: permission denied, mkdir '/usr/local/lib/node_modules/ios-sim'
75 error     at Error (native)
75 error  { [Error: EACCES: permission denied, mkdir '/usr/local/lib/node_modules/ios-sim']
75 error   errno: -13,
75 error   code: 'EACCES',
75 error   syscall: 'mkdir',
75 error   path: '/usr/local/lib/node_modules/ios-sim',
75 error   fstream_type: 'Directory',
75 error   fstream_path: '/usr/local/lib/node_modules/ios-sim',
75 error   fstream_class: 'DirWriter',
75 error   fstream_stack:
75 error    [ '/usr/local/lib/node_modules/npm/node_modules/fstream/lib/dir-writer.js:35:25',
75 error      '/usr/local/lib/node_modules/npm/node_modules/mkdirp/index.js:47:53',
75 error      'FSReqWrap.oncomplete (fs.js:82:15)' ] }
76 error Please try running this command again as root/Administrator.
77 verbose exit [ -13, true ]
78 verbose unbuild lib/node_modules/ios-sim
79 silly gentlyRm /usr/local/lib/node_modules/ios-sim is being purged from base /usr/local
80 verbose gentlyRm don't care about contents; nuking /usr/local/lib/node_modules/ios-sim
